<?xml version="1.0" encoding="UTF-8"?>
<testsuite xmlns:xsi="http://www.w3.org/2001/XMLSchema-instance" xsi:noNamespaceSchemaLocation="https://maven.apache.org/surefire/maven-surefire-plugin/xsd/surefire-test-report-3.0.xsd" version="3.0" name="TestSuite" time="234.169" tests="8" errors="0" skipped="2" failures="1">
  <properties>
[...]
</properties>
  <testcase name="getLink" classname="com.crmpro.testCase.HelpPageTest" time="13.217"/>
  <testcase name="printAllLink" classname="com.crmpro.testCase.HomePageTest" time="12.247"/>
  <testcase name="varifyContactLink" classname="com.crmpro.testCase.HomePageTest" time="3.874"/>
  <testcase name="varifyLogout" classname="com.crmpro.testCase.HomePageTest" time="4.737"/>
  <testcase name="varifyTable" classname="com.crmpro.testCase.HomePageTest" time="2.826"/>
  <testcase name="setUp" classname="com.crmpro.testCase.LogInPageTest" time="40.079">
    <failure message="timeout: Timed out receiving message from renderer: 27.807&#10;  (Session info: chrome=72.0.3626.121)&#10;  (Driver info: chromedriver=2.45.615291 (ec3682e3c9061c10f26ea9e5cdcf3c53f3f74387),platform=Windows NT 10.0.17134 x86_64) (WARNING: The server did not provide any stacktrace information)&#10;Command duration or timeout: 0 milliseconds&#10;Build info: version: &apos;3.6.0&apos;, revision: &apos;6fbf3ec767&apos;, time: &apos;2017-09-27T15:28:36.4Z&apos;&#10;System info: host: &apos;DESKTOP-15D6S6Q&apos;, ip: &apos;10.11.2.246&apos;, os.name: &apos;Windows 10&apos;, os.arch: &apos;amd64&apos;, os.version: &apos;10.0&apos;, java.version: &apos;1.8.0_191&apos;&#10;Driver info: org.openqa.selenium.chrome.ChromeDriver&#10;Capabilities [{mobileEmulationEnabled=false, timeouts={implicit=0, pageLoad=300000, script=30000}, hasTouchScreen=false, platform=XP, acceptSslCerts=false, goog:chromeOptions={debuggerAddress=localhost:57821}, acceptInsecureCerts=false, webStorageEnabled=true, browserName=chrome, takesScreenshot=true, javascriptEnabled=true, platformName=XP, setWindowRect=true, unexpectedAlertBehaviour=ignore, applicationCacheEnabled=false, rotatable=false, networkConnectionEnabled=false, chrome={chromedriverVersion=2.45.615291 (ec3682e3c9061c10f26ea9e5cdcf3c53f3f74387), userDataDir=C:\Users\HOSSAI~1\AppData\Local\Temp\scoped_dir7800_11524}, takesHeapSnapshot=true, unhandledPromptBehavior=ignore, pageLoadStrategy=normal, strictFileInteractability=false, databaseEnabled=false, handlesAlerts=true, version=72.0.3626.121, browserConnectionEnabled=false, proxy=Proxy(), nativeEvents=true, locationContextEnabled=true, cssSelectorsEnabled=true}]&#10;Session ID: 1d5e77d40b5c9a4bbd58397cb06ce51c" type="org.openqa.selenium.TimeoutException">org.openqa.selenium.TimeoutException: 
timeout: Timed out receiving message from renderer: 27.807
  (Session info: chrome=72.0.3626.121)
  (Driver info: chromedriver=2.45.615291 (ec3682e3c9061c10f26ea9e5cdcf3c53f3f74387),platform=Windows NT 10.0.17134 x86_64) (WARNING: The server did not provide any stacktrace information)
Command duration or timeout: 0 milliseconds
Build info: version: '3.6.0', revision: '6fbf3ec767', time: '2017-09-27T15:28:36.4Z'
System info: host: 'DESKTOP-15D6S6Q', ip: '10.11.2.246', os.name: 'Windows 10', os.arch: 'amd64', os.version: '10.0', java.version: '1.8.0_191'
Driver info: org.openqa.selenium.chrome.ChromeDriver
Capabilities [{mobileEmulationEnabled=false, timeouts={implicit=0, pageLoad=300000, script=30000}, hasTouchScreen=false, platform=XP, acceptSslCerts=false, goog:chromeOptions={debuggerAddress=localhost:57821}, acceptInsecureCerts=false, webStorageEnabled=true, browserName=chrome, takesScreenshot=true, javascriptEnabled=true, platformName=XP, setWindowRect=true, unexpectedAlertBehaviour=ignore, applicationCacheEnabled=false, rotatable=false, networkConnectionEnabled=false, chrome={chromedriverVersion=2.45.615291 (ec3682e3c9061c10f26ea9e5cdcf3c53f3f74387), userDataDir=C:\Users\HOSSAI~1\AppData\Local\Temp\scoped_dir7800_11524}, takesHeapSnapshot=true, unhandledPromptBehavior=ignore, pageLoadStrategy=normal, strictFileInteractability=false, databaseEnabled=false, handlesAlerts=true, version=72.0.3626.121, browserConnectionEnabled=false, proxy=Proxy(), nativeEvents=true, locationContextEnabled=true, cssSelectorsEnabled=true}]
Session ID: 1d5e77d40b5c9a4bbd58397cb06ce51c
	at com.crmpro.testCase.LogInPageTest.setUp(LogInPageTest.java:32)
</failure>
    <system-out><![CDATA[03-09-2019 20:47:54 HomePageTest.java INFO  [main] testCase.HomePageTest 75 - 	Browser closed!!!
03-09-2019 20:47:54 BasePage.java INFO  [main] baseClass.BasePage 37 - 	Launching Browser!!!
03-09-2019 20:48:00 BasePage.java INFO  [main] baseClass.BasePage 50 - 	Application is opening!!!
]]></system-out>
    <system-err><![CDATA[Starting ChromeDriver 2.45.615291 (ec3682e3c9061c10f26ea9e5cdcf3c53f3f74387) on port 11620
Only local connections are allowed.
Mar 09, 2019 8:47:59 PM org.openqa.selenium.remote.ProtocolHandshake createSession
INFO: Detected dialect: OSS
[1552182511.011][SEVERE]: Timed out receiving message from renderer: 27.807
]]></system-err>
  </testcase>
  <testcase name="LogInTest" classname="com.crmpro.testCase.LogInPageTest" time="0">
    <skipped/>
    <system-out><![CDATA[LogInTest (Skipped)	2019/48/09 20:48:31
LogInTest (Skipped)	2019/48/09 20:48:31
LogInTest (Skipped)	2019/48/09 20:48:31
LogInTest (Skipped)	2019/48/09 20:48:31
]]></system-out>
  </testcase>
  <testcase name="closeDown" classname="com.crmpro.testCase.LogInPageTest" time="0">
    <skipped/>
  </testcase>
</testsuite>