<?xml version="1.0" encoding="UTF-8"?>
<testng-results skipped="0" failed="0" total="6" passed="6">
  <reporter-output>
  </reporter-output>
  <suite name="Command line suite" duration-ms="151051" started-at="2019-02-27T03:49:39Z" finished-at="2019-02-27T03:52:10Z">
    <groups>
    </groups>
    <test name="Command line test" duration-ms="151051" started-at="2019-02-27T03:49:39Z" finished-at="2019-02-27T03:52:10Z">
      <class name="com.crmpro.testCase.HomePageTest">
        <test-method status="PASS" signature="setUp()" name="setUp" is-config="true" duration-ms="16863" started-at="2019-02-27T03:50:11Z" finished-at="2019-02-27T03:50:28Z">
        </test-method>
        <test-method status="PASS" signature="printAllLink()" name="printAllLink" duration-ms="10272" started-at="2019-02-27T03:50:28Z" finished-at="2019-02-27T03:50:38Z">
        </test-method>
        <test-method status="PASS" signature="closeDown()" name="closeDown" is-config="true" duration-ms="387" started-at="2019-02-27T03:50:38Z" finished-at="2019-02-27T03:50:39Z">
        </test-method>
        <test-method status="PASS" signature="setUp()" name="setUp" is-config="true" duration-ms="18612" started-at="2019-02-27T03:50:39Z" finished-at="2019-02-27T03:50:57Z">
        </test-method>
        <test-method status="PASS" signature="varifyContactLink()" name="varifyContactLink" duration-ms="2010" started-at="2019-02-27T03:50:57Z" finished-at="2019-02-27T03:50:59Z">
        </test-method>
        <test-method status="PASS" signature="closeDown()" name="closeDown" is-config="true" duration-ms="214" started-at="2019-02-27T03:50:59Z" finished-at="2019-02-27T03:50:59Z">
        </test-method>
        <test-method status="PASS" signature="setUp()" name="setUp" is-config="true" duration-ms="17783" started-at="2019-02-27T03:50:59Z" finished-at="2019-02-27T03:51:17Z">
        </test-method>
        <test-method status="PASS" signature="varifyLogout()" name="varifyLogout" duration-ms="3509" started-at="2019-02-27T03:51:17Z" finished-at="2019-02-27T03:51:21Z">
        </test-method>
        <test-method status="PASS" signature="closeDown()" name="closeDown" is-config="true" duration-ms="386" started-at="2019-02-27T03:51:21Z" finished-at="2019-02-27T03:51:21Z">
        </test-method>
        <test-method status="PASS" signature="setUp()" name="setUp" is-config="true" duration-ms="23990" started-at="2019-02-27T03:51:21Z" finished-at="2019-02-27T03:51:45Z">
        </test-method>
        <test-method status="PASS" signature="varifyTable()" name="varifyTable" duration-ms="2770" started-at="2019-02-27T03:51:45Z" finished-at="2019-02-27T03:51:48Z">
        </test-method>
        <test-method status="PASS" signature="closeDown()" name="closeDown" is-config="true" duration-ms="550" started-at="2019-02-27T03:51:48Z" finished-at="2019-02-27T03:51:48Z">
        </test-method>
      </class>
      <class name="com.crmpro.testCase.LogInPageTest">
        <test-method status="PASS" signature="setUp()" name="setUp" is-config="true" duration-ms="13045" started-at="2019-02-27T03:51:48Z" finished-at="2019-02-27T03:52:01Z">
        </test-method>
        <test-method status="PASS" signature="LogInTest()" name="LogInTest" duration-ms="8508" started-at="2019-02-27T03:52:01Z" finished-at="2019-02-27T03:52:10Z">
        </test-method>
        <test-method status="PASS" signature="closeDown()" name="closeDown" is-config="true" duration-ms="365" started-at="2019-02-27T03:52:10Z" finished-at="2019-02-27T03:52:10Z">
        </test-method>
      </class>
      <class name="com.crmpro.testCase.HelpPageTest">
        <test-method status="PASS" signature="setUp()" name="setUp" is-config="true" duration-ms="27231" started-at="2019-02-27T03:49:39Z" finished-at="2019-02-27T03:50:07Z">
        </test-method>
        <test-method status="PASS" signature="getLink()" name="getLink" duration-ms="3575" started-at="2019-02-27T03:50:07Z" finished-at="2019-02-27T03:50:10Z">
        </test-method>
        <test-method status="PASS" signature="closeDown()" name="closeDown" is-config="true" duration-ms="933" started-at="2019-02-27T03:50:10Z" finished-at="2019-02-27T03:50:11Z">
        </test-method>
      </class>
    </test>
  </suite>
</testng-results>
