<?xml version="1.0" encoding="UTF-8"?>
<testsuite xmlns:xsi="http://www.w3.org/2001/XMLSchema-instance" xsi:noNamespaceSchemaLocation="https://maven.apache.org/surefire/maven-surefire-plugin/xsd/surefire-test-report-3.0.xsd" version="3.0" name="TestSuite" time="148.842" tests="16" errors="0" skipped="13" failures="2">
  <properties>
[...]
</properties>
  <testcase name="setUp" classname="com.crmpro.testCase.HelpPageTest" time="56.834">
    <failure message="No frame element found by name or id mainpanel&#10;Build info: version: &apos;3.6.0&apos;, revision: &apos;6fbf3ec767&apos;, time: &apos;2017-09-27T15:28:36.4Z&apos;&#10;System info: host: &apos;DESKTOP-15D6S6Q&apos;, ip: &apos;10.11.2.235&apos;, os.name: &apos;Windows 10&apos;, os.arch: &apos;amd64&apos;, os.version: &apos;10.0&apos;, java.version: &apos;1.8.0_191&apos;&#10;Driver info: driver.version: unknown" type="org.openqa.selenium.NoSuchFrameException">org.openqa.selenium.NoSuchFrameException: 
No frame element found by name or id mainpanel
Build info: version: '3.6.0', revision: '6fbf3ec767', time: '2017-09-27T15:28:36.4Z'
System info: host: 'DESKTOP-15D6S6Q', ip: '10.11.2.235', os.name: 'Windows 10', os.arch: 'amd64', os.version: '10.0', java.version: '1.8.0_191'
Driver info: driver.version: unknown
	at com.crmpro.testCase.HelpPageTest.setUp(HelpPageTest.java:34)
</failure>
    <system-out><![CDATA[03-09-2019 01:47:41 LogInPage.java INFO  [main] pages.LogInPage 35 - 	Now Login to the Application !!!
03-09-2019 01:47:42 LogInPage.java ERROR [main] pages.LogInPage 42 - [Ljava.lang.StackTraceElement;@6e9a5ed8	Failed to Login
]]></system-out>
    <system-err><![CDATA[Starting ChromeDriver 2.45.615291 (ec3682e3c9061c10f26ea9e5cdcf3c53f3f74387) on port 26495
Only local connections are allowed.
Mar 09, 2019 1:47:34 AM org.openqa.selenium.remote.ProtocolHandshake createSession
INFO: Detected dialect: OSS
]]></system-err>
  </testcase>
  <testcase name="getLink" classname="com.crmpro.testCase.HelpPageTest" time="0">
    <skipped/>
    <system-out><![CDATA[getLink (Skipped)	2019/48/09 01:48:22
getLink (Skipped)	2019/48/09 01:48:22
getLink (Skipped)	2019/48/09 01:48:22
getLink (Skipped)	2019/48/09 01:48:22
]]></system-out>
  </testcase>
  <testcase name="closeDown" classname="com.crmpro.testCase.HelpPageTest" time="0">
    <skipped/>
  </testcase>
  <testcase name="setUp" classname="com.crmpro.testCase.HomePageTest" time="52.27">
    <failure message="No frame element found by name or id mainpanel&#10;Build info: version: &apos;3.6.0&apos;, revision: &apos;6fbf3ec767&apos;, time: &apos;2017-09-27T15:28:36.4Z&apos;&#10;System info: host: &apos;DESKTOP-15D6S6Q&apos;, ip: &apos;10.11.2.235&apos;, os.name: &apos;Windows 10&apos;, os.arch: &apos;amd64&apos;, os.version: &apos;10.0&apos;, java.version: &apos;1.8.0_191&apos;&#10;Driver info: driver.version: unknown" type="org.openqa.selenium.NoSuchFrameException">org.openqa.selenium.NoSuchFrameException: 
No frame element found by name or id mainpanel
Build info: version: '3.6.0', revision: '6fbf3ec767', time: '2017-09-27T15:28:36.4Z'
System info: host: 'DESKTOP-15D6S6Q', ip: '10.11.2.235', os.name: 'Windows 10', os.arch: 'amd64', os.version: '10.0', java.version: '1.8.0_191'
Driver info: driver.version: unknown
	at com.crmpro.testCase.HomePageTest.setUp(HomePageTest.java:36)
</failure>
    <system-out><![CDATA[03-09-2019 01:48:34 LogInPage.java INFO  [main] pages.LogInPage 35 - 	Now Login to the Application !!!
03-09-2019 01:48:35 LogInPage.java ERROR [main] pages.LogInPage 42 - [Ljava.lang.StackTraceElement;@6c4906d3	Failed to Login
]]></system-out>
    <system-err><![CDATA[Starting ChromeDriver 2.45.615291 (ec3682e3c9061c10f26ea9e5cdcf3c53f3f74387) on port 22894
Only local connections are allowed.
Mar 09, 2019 1:48:26 AM org.openqa.selenium.remote.ProtocolHandshake createSession
INFO: Detected dialect: OSS
]]></system-err>
  </testcase>
  <testcase name="setUp" classname="com.crmpro.testCase.HomePageTest" time="0">
    <skipped/>
  </testcase>
  <testcase name="setUp" classname="com.crmpro.testCase.HomePageTest" time="0">
    <skipped/>
  </testcase>
  <testcase name="setUp" classname="com.crmpro.testCase.HomePageTest" time="0">
    <skipped/>
  </testcase>
  <testcase name="printAllLink" classname="com.crmpro.testCase.HomePageTest" time="0">
    <skipped/>
    <system-out><![CDATA[printAllLink (Skipped)	2019/49/09 01:49:15
printAllLink (Skipped)	2019/49/09 01:49:15
printAllLink (Skipped)	2019/49/09 01:49:15
printAllLink (Skipped)	2019/49/09 01:49:15
]]></system-out>
  </testcase>
  <testcase name="closeDown" classname="com.crmpro.testCase.HomePageTest" time="0">
    <skipped/>
  </testcase>
  <testcase name="closeDown" classname="com.crmpro.testCase.HomePageTest" time="0">
    <skipped/>
  </testcase>
  <testcase name="closeDown" classname="com.crmpro.testCase.HomePageTest" time="0">
    <skipped/>
  </testcase>
  <testcase name="closeDown" classname="com.crmpro.testCase.HomePageTest" time="0">
    <skipped/>
  </testcase>
  <testcase name="varifyContactLink" classname="com.crmpro.testCase.HomePageTest" time="0">
    <skipped/>
    <system-out><![CDATA[varifyContactLink (Skipped)	2019/49/09 01:49:15
varifyContactLink (Skipped)	2019/49/09 01:49:15
varifyContactLink (Skipped)	2019/49/09 01:49:15
varifyContactLink (Skipped)	2019/49/09 01:49:15
]]></system-out>
  </testcase>
  <testcase name="varifyLogout" classname="com.crmpro.testCase.HomePageTest" time="0">
    <skipped/>
    <system-out><![CDATA[varifyLogout (Skipped)	2019/49/09 01:49:15
varifyLogout (Skipped)	2019/49/09 01:49:15
varifyLogout (Skipped)	2019/49/09 01:49:15
varifyLogout (Skipped)	2019/49/09 01:49:15
]]></system-out>
  </testcase>
  <testcase name="varifyTable" classname="com.crmpro.testCase.HomePageTest" time="0">
    <skipped/>
    <system-out><![CDATA[varifyTable (Skipped)	2019/49/09 01:49:15
varifyTable (Skipped)	2019/49/09 01:49:15
varifyTable (Skipped)	2019/49/09 01:49:15
varifyTable (Skipped)	2019/49/09 01:49:15
]]></system-out>
  </testcase>
  <testcase name="LogInTest" classname="com.crmpro.testCase.LogInPageTest" time="9.6"/>
</testsuite>