<?xml version="1.0" encoding="UTF-8"?>
<testng-results skipped="0" failed="0" ignored="0" total="6" passed="6">
  <reporter-output>
  </reporter-output>
  <suite name="CRMPRO Test suite" duration-ms="140817" started-at="2019-03-07T05:07:36Z" finished-at="2019-03-07T05:09:57Z">
    <groups>
    </groups>
    <test name="CRMPRO testing feature" duration-ms="140817" started-at="2019-03-07T05:07:36Z" finished-at="2019-03-07T05:09:57Z">
      <class name="com.crmpro.testCase.HomePageTest">
        <test-method status="PASS" signature="setUp(java.lang.String, java.lang.String)[pri:0, instance:com.crmpro.testCase.HomePageTest@67b92f0a]" name="setUp" is-config="true" duration-ms="18751" started-at="2019-03-07T05:07:37Z" finished-at="2019-03-07T05:07:55Z">
          <params>
            <param index="0">
              <value>
                <![CDATA[sakhaout]]>
              </value>
            </param>
            <param index="1">
              <value>
                <![CDATA[Sakhaout8]]>
              </value>
            </param>
          </params>
          <reporter-output>
          </reporter-output>
        </test-method> <!-- setUp -->
        <test-method status="PASS" signature="printAllLink()[pri:0, instance:com.crmpro.testCase.HomePageTest@67b92f0a]" name="printAllLink" duration-ms="21779" started-at="2019-03-07T05:07:55Z" finished-at="2019-03-07T05:08:17Z">
          <reporter-output>
          </reporter-output>
        </test-method> <!-- printAllLink -->
        <test-method status="PASS" signature="closeDown()[pri:0, instance:com.crmpro.testCase.HomePageTest@67b92f0a]" name="closeDown" is-config="true" duration-ms="452" started-at="2019-03-07T05:08:17Z" finished-at="2019-03-07T05:08:18Z">
          <reporter-output>
          </reporter-output>
        </test-method> <!-- closeDown -->
        <test-method status="PASS" signature="setUp(java.lang.String, java.lang.String)[pri:0, instance:com.crmpro.testCase.HomePageTest@67b92f0a]" name="setUp" is-config="true" duration-ms="14942" started-at="2019-03-07T05:08:18Z" finished-at="2019-03-07T05:08:33Z">
          <params>
            <param index="0">
              <value>
                <![CDATA[sakhaout]]>
              </value>
            </param>
            <param index="1">
              <value>
                <![CDATA[Sakhaout8]]>
              </value>
            </param>
          </params>
          <reporter-output>
          </reporter-output>
        </test-method> <!-- setUp -->
        <test-method status="PASS" signature="varifyContactLink()[pri:0, instance:com.crmpro.testCase.HomePageTest@67b92f0a]" name="varifyContactLink" duration-ms="2185" started-at="2019-03-07T05:08:33Z" finished-at="2019-03-07T05:08:35Z">
          <reporter-output>
          </reporter-output>
        </test-method> <!-- varifyContactLink -->
        <test-method status="PASS" signature="closeDown()[pri:0, instance:com.crmpro.testCase.HomePageTest@67b92f0a]" name="closeDown" is-config="true" duration-ms="304" started-at="2019-03-07T05:08:35Z" finished-at="2019-03-07T05:08:35Z">
          <reporter-output>
          </reporter-output>
        </test-method> <!-- closeDown -->
        <test-method status="PASS" signature="setUp(java.lang.String, java.lang.String)[pri:0, instance:com.crmpro.testCase.HomePageTest@67b92f0a]" name="setUp" is-config="true" duration-ms="17440" started-at="2019-03-07T05:08:35Z" finished-at="2019-03-07T05:08:52Z">
          <params>
            <param index="0">
              <value>
                <![CDATA[sakhaout]]>
              </value>
            </param>
            <param index="1">
              <value>
                <![CDATA[Sakhaout8]]>
              </value>
            </param>
          </params>
          <reporter-output>
          </reporter-output>
        </test-method> <!-- setUp -->
        <test-method status="PASS" signature="varifyLogout()[pri:0, instance:com.crmpro.testCase.HomePageTest@67b92f0a]" name="varifyLogout" duration-ms="3564" started-at="2019-03-07T05:08:52Z" finished-at="2019-03-07T05:08:56Z">
          <reporter-output>
          </reporter-output>
        </test-method> <!-- varifyLogout -->
        <test-method status="PASS" signature="closeDown()[pri:0, instance:com.crmpro.testCase.HomePageTest@67b92f0a]" name="closeDown" is-config="true" duration-ms="1430" started-at="2019-03-07T05:08:56Z" finished-at="2019-03-07T05:08:57Z">
          <reporter-output>
          </reporter-output>
        </test-method> <!-- closeDown -->
        <test-method status="PASS" signature="setUp(java.lang.String, java.lang.String)[pri:0, instance:com.crmpro.testCase.HomePageTest@67b92f0a]" name="setUp" is-config="true" duration-ms="17973" started-at="2019-03-07T05:08:57Z" finished-at="2019-03-07T05:09:15Z">
          <params>
            <param index="0">
              <value>
                <![CDATA[sakhaout]]>
              </value>
            </param>
            <param index="1">
              <value>
                <![CDATA[Sakhaout8]]>
              </value>
            </param>
          </params>
          <reporter-output>
          </reporter-output>
        </test-method> <!-- setUp -->
        <test-method status="PASS" signature="varifyTable()[pri:0, instance:com.crmpro.testCase.HomePageTest@67b92f0a]" name="varifyTable" duration-ms="3904" started-at="2019-03-07T05:09:15Z" finished-at="2019-03-07T05:09:19Z">
          <reporter-output>
          </reporter-output>
        </test-method> <!-- varifyTable -->
        <test-method status="PASS" signature="closeDown()[pri:0, instance:com.crmpro.testCase.HomePageTest@67b92f0a]" name="closeDown" is-config="true" duration-ms="343" started-at="2019-03-07T05:09:19Z" finished-at="2019-03-07T05:09:20Z">
          <reporter-output>
          </reporter-output>
        </test-method> <!-- closeDown -->
      </class> <!-- com.crmpro.testCase.HomePageTest -->
      <class name="com.crmpro.testCase.LogInPageTest">
        <test-method status="PASS" signature="setUp()[pri:0, instance:com.crmpro.testCase.LogInPageTest@2b9627bc]" name="setUp" is-config="true" duration-ms="10675" started-at="2019-03-07T05:09:20Z" finished-at="2019-03-07T05:09:30Z">
          <reporter-output>
          </reporter-output>
        </test-method> <!-- setUp -->
        <test-method status="PASS" signature="LogInTest(java.lang.String, java.lang.String)[pri:0, instance:com.crmpro.testCase.LogInPageTest@2b9627bc]" name="LogInTest" duration-ms="5994" started-at="2019-03-07T05:09:30Z" finished-at="2019-03-07T05:09:36Z">
          <params>
            <param index="0">
              <value>
                <![CDATA[sakhaout]]>
              </value>
            </param>
            <param index="1">
              <value>
                <![CDATA[Sakhaout8]]>
              </value>
            </param>
          </params>
          <reporter-output>
          </reporter-output>
        </test-method> <!-- LogInTest -->
        <test-method status="PASS" signature="closeDown()[pri:0, instance:com.crmpro.testCase.LogInPageTest@2b9627bc]" name="closeDown" is-config="true" duration-ms="614" started-at="2019-03-07T05:09:36Z" finished-at="2019-03-07T05:09:37Z">
          <reporter-output>
          </reporter-output>
        </test-method> <!-- closeDown -->
      </class> <!-- com.crmpro.testCase.LogInPageTest -->
      <class name="com.crmpro.testCase.HelpPageTest">
        <test-method status="PASS" signature="setUp(java.lang.String, java.lang.String)[pri:0, instance:com.crmpro.testCase.HelpPageTest@65e2dbf3]" name="setUp" is-config="true" duration-ms="16203" started-at="2019-03-07T05:09:37Z" finished-at="2019-03-07T05:09:53Z">
          <params>
            <param index="0">
              <value>
                <![CDATA[sakhaout]]>
              </value>
            </param>
            <param index="1">
              <value>
                <![CDATA[Sakhaout8]]>
              </value>
            </param>
          </params>
          <reporter-output>
          </reporter-output>
        </test-method> <!-- setUp -->
        <test-method status="PASS" signature="getLink()[pri:0, instance:com.crmpro.testCase.HelpPageTest@65e2dbf3]" name="getLink" duration-ms="3099" started-at="2019-03-07T05:09:53Z" finished-at="2019-03-07T05:09:56Z">
          <reporter-output>
          </reporter-output>
        </test-method> <!-- getLink -->
        <test-method status="PASS" signature="closeDown()[pri:0, instance:com.crmpro.testCase.HelpPageTest@65e2dbf3]" name="closeDown" is-config="true" duration-ms="981" started-at="2019-03-07T05:09:56Z" finished-at="2019-03-07T05:09:57Z">
          <reporter-output>
          </reporter-output>
        </test-method> <!-- closeDown -->
      </class> <!-- com.crmpro.testCase.HelpPageTest -->
    </test> <!-- CRMPRO testing feature -->
  </suite> <!-- CRMPRO Test suite -->
</testng-results>
