<?xml version="1.0" encoding="UTF-8"?>
<!-- Generated by org.testng.reporters.JUnitXMLReporter -->
<testsuite hostname="DESKTOP-15D6S6Q" ignored="0" name="CRMPRO testing feature" tests="6" failures="0" timestamp="07 Mar 2019 05:09:57 GMT" time="140.817" errors="0">
  <testcase name="printAllLink" time="21.779" classname="com.crmpro.testCase.HomePageTest"/>
  <testcase name="varifyContactLink" time="2.185" classname="com.crmpro.testCase.HomePageTest"/>
  <testcase name="varifyLogout" time="3.564" classname="com.crmpro.testCase.HomePageTest"/>
  <testcase name="varifyTable" time="3.904" classname="com.crmpro.testCase.HomePageTest"/>
  <testcase name="LogInTest" time="5.994" classname="com.crmpro.testCase.LogInPageTest"/>
  <testcase name="getLink" time="3.099" classname="com.crmpro.testCase.HelpPageTest"/>
</testsuite> <!-- CRMPRO testing feature -->
