<?xml version="1.0" encoding="UTF-8"?>
<!-- Generated by org.testng.reporters.JUnitXMLReporter -->
<testsuite hostname="DESKTOP-15D6S6Q" ignored="0" name="CRMPRO testing feature" tests="1" failures="1" timestamp="10 Mar 2019 01:03:35 GMT" time="21.454" errors="0">
  <testcase name="LogInTest" time="6.343" classname="com.crmpro.testCase.LogInPageTest">
    <failure type="java.lang.AssertionError" message="expected [CRMPR] but found [CRMPRO]">
      <![CDATA[java.lang.AssertionError: expected [CRMPR] but found [CRMPRO]
at com.crmpro.testCase.LogInPageTest.LogInTest(LogInPageTest.java:41)
... Removed 31 stack frames]]>
    </failure>
  </testcase> <!-- LogInTest -->
</testsuite> <!-- CRMPRO testing feature -->
